# Server version 0.08 running on jdery-S400CA:8123
# Game ID: 31
# Board class: halma.CCBoard
# Timeout: 300000
# Date: Fri Mar 21 22:41:02 EDT 2014
# Player 1: Player-0, '260430688', running on localhost
# Player 2: Player-1, 'random', running on localhost
# Player 3: Player-2, 'random', running on localhost
# Player 4: Player-3, 'random', running on localhost
START Player-0 260430688
START Player-1 random
START Player-2 random
START Player-3 random
0 (2,0) (4,2)
0 (4,2) (2,0)
0 (2,0) (4,2)
0 (4,2) (2,0)
0 (2,0) (4,2)
0 (4,2) (2,0)
0 (2,0) (4,2)
0 (4,2) (2,0)
0 (2,0) (4,2)
0 (4,2) (2,0)
0 (2,0) (4,2)
0 (4,2) (2,0)
0 (2,0) (4,2)
0 (4,2) (2,0)
0 (2,0) (4,2)
0 (4,2) (2,0)
0 (2,0) (4,2)
0 (4,2) (2,0)
0 (2,0) (4,2)
0 (4,2) (2,0)
0 (2,0) (4,2)
0 (4,2) (2,0)
0 (2,0) (4,2)
0 (4,2) (2,0)
0 (2,0) (4,2)
0 (4,2) (2,0)
0 (2,0) (4,2)
0 (4,2) (2,0)
0 (2,0) (4,2)
0 (4,2) (2,0)
0 (2,0) (4,2)
0 (4,2) (2,0)
0 (2,0) (4,2)
0 (4,2) (2,0)
0 (2,0) (4,2)
0 (4,2) (2,0)
0 (2,0) (4,2)
0 (4,2) (2,0)
0 (2,0) (4,2)
0 (4,2) (2,0)
0 (2,0) (4,2)
0 (4,2) (2,0)
0 (2,0) (4,2)
0 (4,2) (2,0)
0 (2,0) (4,2)
0 (4,2) (2,0)
0 (2,0) (4,2)
0 (4,2) (2,0)
0 (2,0) (4,2)
0 (4,2) (2,0)
0 (2,0) (4,2)
0 (4,2) (2,0)
0 (2,0) (4,2)
0 (4,2) (2,0)
0 (2,0) (4,2)
0 (4,2) (2,0)
0 (2,0) (4,2)
0 (4,2) (2,0)
0 (2,0) (4,2)
GAMEOVER TIMEOUT Player-0
WINNER Player-1
# Game ended: Fri Mar 21 22:46:04 EDT 2014
