# Server version 0.08 running on jdery-S400CA:8123
# Game ID: 10
# Board class: halma.CCBoard
# Timeout: 300000
# Date: Thu Mar 20 23:31:37 EDT 2014
# Player 1: Player-0, 'random', running on localhost
# Player 2: Player-1, 'random', running on localhost
# Player 3: Player-2, 'random', running on localhost
# Player 4: Player-3, '260430688', running on localhost
START Player-0 random
START Player-1 random
START Player-2 random
START Player-3 260430688
0 (2,1) (4,1)
0 null null
1 (12,1) (11,0)
2 (1,12) (2,12)
3 (14,14) (12,12)
GAMEOVER TIMEOUT Player-3
WINNER Player-1
# Game ended: Thu Mar 20 23:36:37 EDT 2014
