# Server version 0.08 running on jdery-S400CA:8123
# Game ID: 16
# Board class: halma.CCBoard
# Timeout: 300000
# Date: Fri Mar 21 21:48:03 EDT 2014
# Player 1: Player-0, '260430688', running on localhost
# Player 2: Player-1, 'random', running on localhost
# Player 3: Player-2, 'random', running on localhost
# Player 4: Player-3, 'random', running on localhost
START Player-0 260430688
START Player-1 random
START Player-2 random
START Player-3 random
0 (2,2) (3,3)
1 (12,0) (11,1)
2 (2,15) (4,13)
2 (4,13) (2,15)
2 (2,15) (4,15)
2 (4,15) (2,15)
2 (2,15) (4,15)
2 null null
3 (12,15) (12,13)
3 null null
0 (3,3) (4,4)
1 (11,1) (10,0)
2 (3,15) (2,15)
3 (15,13) (15,11)
3 (15,11) (15,13)
3 (15,13) (15,11)
3 (15,11) (15,13)
3 (15,13) (13,11)
3 null null
0 (4,4) (5,5)
1 (14,0) (12,2)
1 null null
2 (2,14) (3,15)
3 (14,13) (14,11)
3 (14,11) (14,13)
3 null null
GAMEOVER ILLEGAL MOVE: Player 0 move from (E,5) to (F,6)
WINNER Player-1
# Game ended: Fri Mar 21 21:48:03 EDT 2014
